  Using 'git status' to determine working set for adaptive non-unity build (C:\UnrealEngine).
  Creating makefile for CapstoneEditor (no existing makefile)
  Creating makefile for UnrealHeaderTool (no existing makefile)
  Parsing headers for CapstoneEditor
    Running UnrealHeaderTool "C:\Users\Sarcasm\Documents\Unreal Projects\Capstone\Capstone\Capstone.uproject" "C:\Users\Sarcasm\Documents\Unreal Projects\Capstone\Capstone\Intermediate\Build\Win64\CapstoneEditor\Development\CapstoneEditor.uhtmanifest" -LogCmds="loginit warning, logexit warning, logdatabase error" -Unattended -WarningsAsErrors -abslog="C:\UnrealEngine\Engine\Programs\UnrealBuildTool\Log_UHT.txt"
  LogInit: Display: Loading text-based GConfig....
  Reflection code generated for CapstoneEditor in 23.2017111 seconds
  Creating makefile for ShaderCompileWorker (no existing makefile)
  Building CapstoneEditor and ShaderCompileWorker...
  Using Visual Studio 2019 14.28.29335 toolchain (C:\Program Files (x86)\Microsoft Visual Studio\2019\Community\VC\Tools\MSVC\14.28.29333) and Windows 10.0.18362.0 SDK (C:\Program Files (x86)\Windows Kits\10).
  Building 9 actions with 16 processes...
    [1/9] CapstoneGameMode.cpp
    [2/9] Capstone.init.gen.cpp
    [3/9] CapstoneGameMode.gen.cpp
    [4/9] CapstoneCharacter.gen.cpp
    [5/9] Capstone.cpp
    [6/9] CapstoneCharacter.cpp
    [7/9] UE4Editor-Capstone.lib
       Creating library C:\Users\Sarcasm\Documents\Unreal Projects\Capstone\Capstone\Intermediate\Build\Win64\UE4Editor\Development\Capstone\UE4Editor-Capstone.lib and object C:\Users\Sarcasm\Documents\Unreal Projects\Capstone\Capstone\Intermediate\Build\Win64\UE4Editor\Development\Capstone\UE4Editor-Capstone.exp
    [8/9] UE4Editor-Capstone.dll
       Creating library C:\Users\Sarcasm\Documents\Unreal Projects\Capstone\Capstone\Intermediate\Build\Win64\UE4Editor\Development\Capstone\UE4Editor-Capstone.suppressed.lib and object C:\Users\Sarcasm\Documents\Unreal Projects\Capstone\Capstone\Intermediate\Build\Win64\UE4Editor\Development\Capstone\UE4Editor-Capstone.suppressed.exp
    [9/9] CapstoneEditor.target
  Total time in Parallel executor: 6.57 seconds
  Total execution time: 38.00 seconds
